c:\users\7007v\source\repos\3program_lab2-2\debug\vc142.pdb
c:\users\7007v\source\repos\3program_lab2-2\debug\vc142.idb
c:\users\7007v\source\repos\3program_lab2-2\debug\input.obj
c:\users\7007v\source\repos\3program_lab2-2\debug\seller.obj
c:\users\7007v\source\repos\3program_lab2-2\debug\product.obj
c:\users\7007v\source\repos\3program_lab2-2\debug\producer.obj
c:\users\7007v\source\repos\3program_lab2-2\debug\buyer.obj
c:\users\7007v\source\repos\3program_lab2-2\debug\3program_lab2-2.obj
c:\users\7007v\source\repos\3program_lab2-2\debug\order.obj
c:\users\7007v\source\repos\3program_lab2-2\debug\3program_lab2-2.tlog\cl.command.1.tlog
c:\users\7007v\source\repos\3program_lab2-2\debug\3program_lab2-2.tlog\cl.read.1.tlog
c:\users\7007v\source\repos\3program_lab2-2\debug\3program_lab2-2.tlog\cl.write.1.tlog
c:\users\7007v\source\repos\3program_lab2-2\debug\3program_lab2-2.tlog\link-cvtres.read.1.tlog
c:\users\7007v\source\repos\3program_lab2-2\debug\3program_lab2-2.tlog\link-cvtres.write.1.tlog
c:\users\7007v\source\repos\3program_lab2-2\debug\3program_lab2-2.tlog\link-rc.read.1.tlog
c:\users\7007v\source\repos\3program_lab2-2\debug\3program_lab2-2.tlog\link-rc.write.1.tlog
c:\users\7007v\source\repos\3program_lab2-2\debug\3program_lab2-2.tlog\link.2540-cvtres.read.1.tlog
c:\users\7007v\source\repos\3program_lab2-2\debug\3program_lab2-2.tlog\link.2540-cvtres.write.1.tlog
c:\users\7007v\source\repos\3program_lab2-2\debug\3program_lab2-2.tlog\link.2540-rc.read.1.tlog
c:\users\7007v\source\repos\3program_lab2-2\debug\3program_lab2-2.tlog\link.2540-rc.write.1.tlog
c:\users\7007v\source\repos\3program_lab2-2\debug\3program_lab2-2.tlog\link.2540.read.1.tlog
c:\users\7007v\source\repos\3program_lab2-2\debug\3program_lab2-2.tlog\link.2540.write.1.tlog
c:\users\7007v\source\repos\3program_lab2-2\debug\3program_lab2-2.tlog\link.command.1.tlog
c:\users\7007v\source\repos\3program_lab2-2\debug\3program_lab2-2.tlog\link.read.1.tlog
c:\users\7007v\source\repos\3program_lab2-2\debug\3program_lab2-2.tlog\link.write.1.tlog
